EXTRACTOR START pid=6732 run=1764411465482

=== Processing Őrmező P1 P+R parkoló (ormezo-p1) ===
[ormezo-p1] Found via CSS: "293 / 485"
[ormezo-p1] Timestamp via XPath: "2025-11-29 11:15:29"
[ormezo-p1] RESULT: Free=293, Total=485, Last updated=2025-11-29 11:15:29

=== Processing Őrmező P2 P+R parkoló (ormezo-p2) ===
[ormezo-p2] Found via CSS: "314 / 500"
[ormezo-p2] Timestamp via XPath: "2025-11-29 11:15:29"
[ormezo-p2] RESULT: Free=314, Total=500, Last updated=2025-11-29 11:15:29

=== Processing Etele P1 P+R parkoló (etele-p1) ===
[etele-p1] Found via CSS: ""
[etele-p1] Found via XPath: "83 / 247"
[etele-p1] Timestamp via XPath: "2025-11-29 11:15:29"
[etele-p1] RESULT: Free=83, Total=247, Last updated=2025-11-29 11:15:29

=== Processing Etele P2 P+R parkoló (etele-p2) ===
[etele-p2] Found via CSS: "155 / 221"
[etele-p2] Timestamp via XPath: "2025-11-29 11:15:29"
[etele-p2] RESULT: Free=155, Total=221, Last updated=2025-11-29 11:15:29
Generated parking-status.html and parking-status.json
EXTRACTOR END pid=6732 run=1764411465482
